2016-02-28T12:09:28+0800 <info> server.js:24 (log_info) { '0': 'Server start:', '1': 2333 }
2016-02-28T12:09:30+0800 <info> server.js:24 (log_info) { '0': 'Req', '1': 'GET', '2': '/article/Art-%E8%8A%B1' }
2016-02-28T12:09:30+0800 <info> server.js:24 (log_info) { '0': 'Req', '1': 'GET', '2': '/assets/main.css' }
2016-02-28T12:09:30+0800 <info> server.js:24 (log_info) { '0': 'Req', '1': 'GET', '2': '/config.js' }
2016-02-28T12:09:30+0800 <info> server.js:24 (log_info) { '0': 'Req', '1': 'GET', '2': '/assets/bundle.js' }
2016-02-28T12:15:19+0800 <info> server.js:24 (log_info) { '0': 'Server start:', '1': 2333 }
2016-02-28T12:15:23+0800 <info> server.js:24 (log_info) { '0': 'Req', '1': 'GET', '2': '/article/Art-%E8%8A%B1' }
2016-02-28T12:15:24+0800 <info> server.js:24 (log_info) { '0': 'Req', '1': 'GET', '2': '/assets/main.css' }
2016-02-28T12:15:24+0800 <info> server.js:24 (log_info) { '0': 'Req', '1': 'GET', '2': '/config.js' }
2016-02-28T12:15:24+0800 <info> server.js:24 (log_info) { '0': 'Req', '1': 'GET', '2': '/assets/bundle.js' }
2016-02-28T12:20:45+0800 <info> server.js:24 (log_info) { '0': 'Server start:', '1': 2333 }
2016-02-28T12:20:48+0800 <info> server.js:24 (log_info) { '0': 'Req', '1': 'GET', '2': '/article/Art-%E8%8A%B1' }
2016-02-28T12:20:49+0800 <info> server.js:24 (log_info) { '0': 'Req', '1': 'GET', '2': '/assets/main.css' }
2016-02-28T12:20:49+0800 <info> server.js:24 (log_info) { '0': 'main.css' }
2016-02-28T12:20:49+0800 <info> server.js:24 (log_info) { '0': 'Req', '1': 'GET', '2': '/config.js' }
2016-02-28T12:20:49+0800 <info> server.js:24 (log_info) { '0': 'Req', '1': 'GET', '2': '/assets/bundle.js' }
2016-02-28T12:20:49+0800 <info> server.js:24 (log_info) { '0': 'bundle.js' }
2016-02-28T12:20:49+0800 <info> server.js:24 (log_info) { '0': 'Req',
  '1': 'GET',
  '2': '/assets/46672ac36813056daefcbd4cda6a8aaf.png' }
2016-02-28T12:20:49+0800 <info> server.js:24 (log_info) { '0': 'Req', '1': 'GET', '2': '/theme/image/rss.png' }
2016-02-28T12:20:49+0800 <info> server.js:24 (log_info) { '0': 'Req', '1': 'GET', '2': '/theme/image/github.png' }
2016-02-28T12:20:49+0800 <info> server.js:24 (log_info) { '0': 'Req', '1': 'GET', '2': '/theme/image/linked-in.png' }
2016-02-28T12:20:49+0800 <info> server.js:24 (log_info) { '0': 'Req', '1': 'GET', '2': '/theme/image/playstation.png' }
2016-02-28T12:20:49+0800 <info> server.js:24 (log_info) { '0': 'Req', '1': 'GET', '2': '/theme/image/resume.png' }
2016-02-28T12:20:49+0800 <info> server.js:24 (log_info) { '0': 'Req', '1': 'GET', '2': '/theme/image/logo.png' }
2016-02-28T12:20:49+0800 <info> server.js:24 (log_info) { '0': 'Req',
  '1': 'GET',
  '2': '/assets/2340829c4746c8aaba7666b65128b263.png' }
2016-02-28T12:20:49+0800 <info> server.js:24 (log_info) { '0': 'Req',
  '1': 'GET',
  '2': '/assets/0157dd57e453589f1832f31d4f0b34fb.png' }
2016-02-28T12:20:49+0800 <info> server.js:24 (log_info) { '0': 'Req',
  '1': 'GET',
  '2': '/assets/9ac2b1ea0c6189a3d7c7a375f08ca07f.png' }
2016-02-28T12:22:52+0800 <info> server.js:24 (log_info) { '0': 'Req', '1': 'GET', '2': '/category/Skill' }
2016-02-28T12:22:52+0800 <info> server.js:24 (log_info) { '0': 'Req', '1': 'GET', '2': '/assets/main.css' }
2016-02-28T12:22:52+0800 <info> server.js:24 (log_info) { '0': 'main.css' }
2016-02-28T12:22:52+0800 <info> server.js:24 (log_info) { '0': 'Req', '1': 'GET', '2': '/config.js' }
2016-02-28T12:22:52+0800 <info> server.js:24 (log_info) { '0': 'Req', '1': 'GET', '2': '/assets/bundle.js' }
2016-02-28T12:22:52+0800 <info> server.js:24 (log_info) { '0': 'bundle.js' }
2016-02-28T12:22:52+0800 <info> server.js:24 (log_info) { '0': 'Req', '1': 'GET', '2': '/theme/image/rss.png' }
2016-02-28T12:22:52+0800 <info> server.js:24 (log_info) { '0': 'Req', '1': 'GET', '2': '/theme/image/github.png' }
2016-02-28T12:22:52+0800 <info> server.js:24 (log_info) { '0': 'Req', '1': 'GET', '2': '/theme/image/linked-in.png' }
2016-02-28T12:22:52+0800 <info> server.js:24 (log_info) { '0': 'Req', '1': 'GET', '2': '/theme/image/playstation.png' }
2016-02-28T12:22:52+0800 <info> server.js:24 (log_info) { '0': 'Req', '1': 'GET', '2': '/theme/image/resume.png' }
2016-02-28T12:22:52+0800 <info> server.js:24 (log_info) { '0': 'Req', '1': 'GET', '2': '/theme/image/logo.png' }
2016-02-28T12:22:52+0800 <info> server.js:24 (log_info) { '0': 'Req',
  '1': 'GET',
  '2': '/assets/46672ac36813056daefcbd4cda6a8aaf.png' }
2016-02-28T12:39:18+0800 <info> server.js:24 (log_info) { '0': 'Req', '1': 'GET', '2': '/' }
2016-02-28T12:39:18+0800 <info> server.js:24 (log_info) { '0': 'Req', '1': 'GET', '2': '/assets/main.css' }
2016-02-28T12:39:18+0800 <info> server.js:24 (log_info) { '0': 'Req', '1': 'GET', '2': '/config.js' }
2016-02-28T12:39:18+0800 <info> server.js:24 (log_info) { '0': 'Req', '1': 'GET', '2': '/assets/bundle.js' }
2016-02-28T12:39:18+0800 <info> server.js:24 (log_info) { '0': 'main.css' }
2016-02-28T12:39:18+0800 <info> server.js:24 (log_info) { '0': 'bundle.js' }
2016-02-28T12:39:18+0800 <info> server.js:24 (log_info) { '0': 'Req', '1': 'GET', '2': '/theme/image/home.jpg' }
2016-02-28T12:39:18+0800 <info> server.js:24 (log_info) { '0': 'Req',
  '1': 'GET',
  '2': '/assets/46672ac36813056daefcbd4cda6a8aaf.png' }
2016-02-28T12:39:18+0800 <info> server.js:24 (log_info) { '0': 'Req', '1': 'GET', '2': '/theme/image/rss.png' }
2016-02-28T12:39:18+0800 <info> server.js:24 (log_info) { '0': 'Req', '1': 'GET', '2': '/theme/image/github.png' }
2016-02-28T12:39:18+0800 <info> server.js:24 (log_info) { '0': 'Req', '1': 'GET', '2': '/theme/image/linked-in.png' }
2016-02-28T12:39:18+0800 <info> server.js:24 (log_info) { '0': 'Req', '1': 'GET', '2': '/theme/image/playstation.png' }
2016-02-28T12:39:18+0800 <info> server.js:24 (log_info) { '0': 'Req', '1': 'GET', '2': '/theme/image/resume.png' }
2016-02-28T12:39:18+0800 <info> server.js:24 (log_info) { '0': 'Req', '1': 'GET', '2': '/theme/image/logo.png' }
2016-02-28T12:39:19+0800 <info> server.js:24 (log_info) { '0': 'Req', '1': 'GET', '2': '/theme/image/create.jpg' }
2016-02-28T12:39:23+0800 <info> server.js:24 (log_info) { '0': 'Req', '1': 'GET', '2': '/assets/main.css' }
2016-02-28T12:39:23+0800 <info> server.js:24 (log_info) { '0': 'main.css' }
2016-02-28T12:39:32+0800 <info> server.js:24 (log_info) { '0': 'Req', '1': 'GET', '2': '/' }
2016-02-28T12:39:33+0800 <info> server.js:24 (log_info) { '0': 'Req', '1': 'GET', '2': '/assets/main.css' }
2016-02-28T12:39:33+0800 <info> server.js:24 (log_info) { '0': 'Req', '1': 'GET', '2': '/config.js' }
2016-02-28T12:39:33+0800 <info> server.js:24 (log_info) { '0': 'Req', '1': 'GET', '2': '/assets/bundle.js' }
2016-02-28T12:39:33+0800 <info> server.js:24 (log_info) { '0': 'main.css' }
2016-02-28T12:39:33+0800 <info> server.js:24 (log_info) { '0': 'bundle.js' }
2016-02-28T12:39:33+0800 <info> server.js:24 (log_info) { '0': 'Req', '1': 'GET', '2': '/theme/image/rss.png' }
2016-02-28T12:39:33+0800 <info> server.js:24 (log_info) { '0': 'Req', '1': 'GET', '2': '/theme/image/github.png' }
2016-02-28T12:39:33+0800 <info> server.js:24 (log_info) { '0': 'Req', '1': 'GET', '2': '/theme/image/linked-in.png' }
2016-02-28T12:39:33+0800 <info> server.js:24 (log_info) { '0': 'Req', '1': 'GET', '2': '/theme/image/playstation.png' }
2016-02-28T12:39:33+0800 <info> server.js:24 (log_info) { '0': 'Req', '1': 'GET', '2': '/theme/image/resume.png' }
2016-02-28T12:39:33+0800 <info> server.js:24 (log_info) { '0': 'Req', '1': 'GET', '2': '/theme/image/logo.png' }
2016-02-28T12:39:33+0800 <info> server.js:24 (log_info) { '0': 'Req',
  '1': 'GET',
  '2': '/assets/46672ac36813056daefcbd4cda6a8aaf.png' }
2016-02-28T12:39:49+0800 <info> server.js:24 (log_info) { '0': 'Req',
  '1': 'GET',
  '2': '/assets/2340829c4746c8aaba7666b65128b263.png' }
2016-02-28T12:39:49+0800 <info> server.js:24 (log_info) { '0': 'Req',
  '1': 'GET',
  '2': '/assets/0157dd57e453589f1832f31d4f0b34fb.png' }
2016-02-28T12:39:49+0800 <info> server.js:24 (log_info) { '0': 'Req',
  '1': 'GET',
  '2': '/assets/9ac2b1ea0c6189a3d7c7a375f08ca07f.png' }
2016-02-28T12:39:55+0800 <info> server.js:24 (log_info) { '0': 'Req',
  '1': 'GET',
  '2': '/tag/FPGA-Imaging-Library/theme/image/logo.ico' }
2016-02-28T12:39:59+0800 <info> server.js:24 (log_info) { '0': 'Req',
  '1': 'GET',
  '2': '/tag/%E5%87%A0%E4%BD%95%E5%8F%98%E6%8D%A2/theme/image/logo.ico' }
2016-02-28T12:52:58+0800 <info> server.js:24 (log_info) { '0': 'Req', '1': 'GET', '2': '/category/Art' }
2016-02-28T12:52:59+0800 <info> server.js:24 (log_info) { '0': 'Req', '1': 'GET', '2': '/assets/main.css' }
2016-02-28T12:52:59+0800 <info> server.js:24 (log_info) { '0': 'main.css' }
2016-02-28T12:52:59+0800 <info> server.js:24 (log_info) { '0': 'Req', '1': 'GET', '2': '/config.js' }
2016-02-28T12:52:59+0800 <info> server.js:24 (log_info) { '0': 'Req', '1': 'GET', '2': '/assets/bundle.js' }
2016-02-28T12:52:59+0800 <info> server.js:24 (log_info) { '0': 'bundle.js' }
2016-02-28T12:52:59+0800 <info> server.js:24 (log_info) { '0': 'Req', '1': 'GET', '2': '/theme/image/rss.png' }
2016-02-28T12:52:59+0800 <info> server.js:24 (log_info) { '0': 'Req', '1': 'GET', '2': '/theme/image/github.png' }
2016-02-28T12:52:59+0800 <info> server.js:24 (log_info) { '0': 'Req', '1': 'GET', '2': '/theme/image/linked-in.png' }
2016-02-28T12:52:59+0800 <info> server.js:24 (log_info) { '0': 'Req', '1': 'GET', '2': '/theme/image/playstation.png' }
2016-02-28T12:52:59+0800 <info> server.js:24 (log_info) { '0': 'Req', '1': 'GET', '2': '/theme/image/logo.png' }
2016-02-28T12:52:59+0800 <info> server.js:24 (log_info) { '0': 'Req', '1': 'GET', '2': '/theme/image/resume.png' }
2016-02-28T12:52:59+0800 <info> server.js:24 (log_info) { '0': 'Req',
  '1': 'GET',
  '2': '/assets/46672ac36813056daefcbd4cda6a8aaf.png' }
