2016-02-27T15:52:45+0800 <info> server.js:19 (log_info) { '0': 'Server start:', '1': 2333 }
2016-02-27T19:11:47+0800 <info> server.js:19 (log_info) { '0': 'Server start:', '1': 2333 }
2016-02-27T19:32:09+0800 <info> server.js:19 (log_info) { '0': 'Server start:', '1': 2333 }
2016-02-27T19:37:22+0800 <info> server.js:19 (log_info) { '0': 'Server start:', '1': 2333 }
2016-02-27T19:39:09+0800 <info> server.js:19 (log_info) { '0': 'Server start:', '1': 2333 }
2016-02-27T19:39:42+0800 <info> server.js:19 (log_info) { '0': 'Server start:', '1': 2333 }
2016-02-27T19:40:41+0800 <info> server.js:19 (log_info) { '0': '%s, %s', '1': 'Server start:', '2': 2333 }
2016-02-27T19:42:23+0800 <info> server.js:19 (log_info) { '0': 'Server start:', '1': 2333 }
2016-02-27T19:42:25+0800 <info> server.js:19 (log_info) { '0': 'Req: ',
  '1': 
   { _readableState: 
      { highWaterMark: 16384,
        buffer: [],
        length: 0,
        pipes: null,
        pipesCount: 0,
        flowing: false,
        ended: false,
        endEmitted: false,
        reading: false,
        calledRead: false,
        sync: true,
        needReadable: false,
        emittedReadable: false,
        readableListening: false,
        objectMode: false,
        defaultEncoding: 'utf8',
        ranOut: false,
        awaitDrain: 0,
        readingMore: false,
        decoder: null,
        encoding: null },
     readable: true,
     domain: null,
     _events: {},
     _maxListeners: 10,
     socket: 
      { _connecting: false,
        _handle: [Object],
        _readableState: [Object],
        readable: true,
        domain: null,
        _events: [Object],
        _maxListeners: 10,
        _writableState: [Object],
        writable: true,
        allowHalfOpen: true,
        onend: [Function],
        destroyed: false,
        bytesRead: 458,
        _bytesDispatched: 0,
        _pendingData: null,
        _pendingEncoding: '',
        server: [Object],
        _idleTimeout: 120000,
        _idleNext: [Object],
        _idlePrev: [Object],
        _idleStart: 1456573345974,
        _monotonicStartTime: 39595355,
        parser: [Object],
        ondata: [Function],
        _paused: false,
        _httpMessage: [Object] },
     connection: 
      { _connecting: false,
        _handle: [Object],
        _readableState: [Object],
        readable: true,
        domain: null,
        _events: [Object],
        _maxListeners: 10,
        _writableState: [Object],
        writable: true,
        allowHalfOpen: true,
        onend: [Function],
        destroyed: false,
        bytesRead: 458,
        _bytesDispatched: 0,
        _pendingData: null,
        _pendingEncoding: '',
        server: [Object],
        _idleTimeout: 120000,
        _idleNext: [Object],
        _idlePrev: [Object],
        _idleStart: 1456573345974,
        _monotonicStartTime: 39595355,
        parser: [Object],
        ondata: [Function],
        _paused: false,
        _httpMessage: [Object] },
     httpVersion: '1.1',
     complete: false,
     headers: 
      { host: 'localhost:2333',
        connection: 'keep-alive',
        'cache-control': 'max-age=0',
        accept: 'text/html,application/xhtml+xml,application/xml;q=0.9,image/webp,*/*;q=0.8',
        'upgrade-insecure-requests': '1',
        'user-agent': 'Mozilla/5.0 (Macintosh; Intel Mac OS X 10_10_5) AppleWebKit/537.36 (KHTML, like Gecko) Chrome/48.0.2564.116 Safari/537.36',
        'accept-encoding': 'gzip, deflate, sdch',
        'accept-language': 'zh-CN,zh;q=0.8',
        cookie: '_ga=GA1.1.1375971168.1454133123' },
     trailers: {},
     _pendings: [],
     _pendingIndex: 0,
     url: '/sitemap',
     method: 'GET',
     statusCode: null,
     client: 
      { _connecting: false,
        _handle: [Object],
        _readableState: [Object],
        readable: true,
        domain: null,
        _events: [Object],
        _maxListeners: 10,
        _writableState: [Object],
        writable: true,
        allowHalfOpen: true,
        onend: [Function],
        destroyed: false,
        bytesRead: 458,
        _bytesDispatched: 0,
        _pendingData: null,
        _pendingEncoding: '',
        server: [Object],
        _idleTimeout: 120000,
        _idleNext: [Object],
        _idlePrev: [Object],
        _idleStart: 1456573345974,
        _monotonicStartTime: 39595355,
        parser: [Object],
        ondata: [Function],
        _paused: false,
        _httpMessage: [Object] },
     _consuming: false,
     _dumped: false,
     httpVersionMajor: 1,
     httpVersionMinor: 1,
     upgrade: false,
     next: [Function: next],
     baseUrl: '',
     originalUrl: '/sitemap',
     _parsedUrl: 
      { protocol: null,
        slashes: null,
        auth: null,
        host: null,
        port: null,
        hostname: null,
        hash: null,
        search: null,
        query: null,
        pathname: '/sitemap',
        path: '/sitemap',
        href: '/sitemap',
        _raw: '/sitemap' },
     params: {},
     query: {},
     res: 
      { domain: null,
        _events: [Object],
        _maxListeners: 10,
        output: [],
        outputEncodings: [],
        writable: true,
        _last: false,
        chunkedEncoding: false,
        shouldKeepAlive: true,
        useChunkedEncodingByDefault: true,
        sendDate: true,
        _headerSent: false,
        _header: '',
        _hasBody: true,
        _trailer: '',
        finished: false,
        _hangupClose: false,
        socket: [Object],
        connection: [Object],
        _headers: [Object],
        _headerNames: [Object],
        req: [Circular],
        locals: {} } } }
2016-02-27T19:43:59+0800 <info> server.js:19 (log_info) { '0': 'Server start:', '1': 2333 }
2016-02-27T19:44:02+0800 <info> server.js:19 (log_info) { '0': 'Req', '1': 'GET', '2': '/sitemap' }
2016-02-27T19:45:45+0800 <info> server.js:19 (log_info) { '0': 'Server start:', '1': 2333 }
2016-02-27T19:45:49+0800 <info> server.js:19 (log_info) { '0': 'Req', '1': 'GET', '2': '/sitemap' }
2016-02-27T19:46:06+0800 <info> server.js:19 (log_info) { '0': 'Server start:', '1': 2333 }
2016-02-27T19:46:08+0800 <info> server.js:19 (log_info) { '0': 'Req', '1': 'GET', '2': '/sitemap' }
2016-02-27T19:46:08+0800 <info> server.js:19 (log_info) { '0': 'Forwarding',
  '1': '/Users/dtysky/Complex_Mind/BlogRework/Front/http:/localhost:4444/sitemap' }
2016-02-27T19:54:09+0800 <info> server.js:19 (log_info) { '0': 'Server start:', '1': 2333 }
2016-02-27T19:54:13+0800 <info> server.js:19 (log_info) { '0': 'Req', '1': 'GET', '2': '/sitemap' }
2016-02-27T19:54:13+0800 <info> server.js:19 (log_info) { '0': 'Forwarding', '1': 'http:/localhost:4444/sitemap' }
2016-02-27T19:54:53+0800 <info> server.js:19 (log_info) { '0': 'Server start:', '1': 2333 }
2016-02-27T19:54:56+0800 <info> server.js:19 (log_info) { '0': 'Req', '1': 'GET', '2': '/sitemap' }
2016-02-27T19:54:56+0800 <info> server.js:19 (log_info) { '0': 'Forwarding', '1': 'http:/localhost:4444/sitemap' }
2016-02-27T19:56:31+0800 <info> server.js:19 (log_info) { '0': 'Server start:', '1': 2333 }
2016-02-27T19:56:35+0800 <info> server.js:19 (log_info) { '0': 'Req', '1': 'GET', '2': '/sitemap' }
2016-02-27T19:56:35+0800 <info> server.js:19 (log_info) { '0': 'Forwarding', '1': 'http:///localhost:4444/sitemap' }
2016-02-27T19:56:43+0800 <info> server.js:19 (log_info) { '0': 'Server start:', '1': 2333 }
2016-02-27T19:56:45+0800 <info> server.js:19 (log_info) { '0': 'Req', '1': 'GET', '2': '/sitemap' }
2016-02-27T19:56:45+0800 <info> server.js:19 (log_info) { '0': 'Forwarding', '1': 'http://localhost:4444/sitemap' }
2016-02-27T19:59:16+0800 <info> server.js:19 (log_info) { '0': 'Server start:', '1': 2333 }
2016-02-27T19:59:18+0800 <info> server.js:19 (log_info) { '0': 'Req', '1': 'GET', '2': '/sitemap' }
2016-02-27T19:59:18+0800 <info> server.js:19 (log_info) { '0': 'Forwarding', '1': 'http://localhost:4444/sitemap/all' }
2016-02-27T19:59:52+0800 <info> server.js:19 (log_info) { '0': 'Req', '1': 'GET', '2': '/feeds/dtysky' }
2016-02-27T19:59:52+0800 <info> server.js:19 (log_info) { '0': 'Forwarding', '1': 'http://localhost:4444/feeds/dtysky' }
2016-02-27T20:00:01+0800 <info> server.js:19 (log_info) { '0': 'Req',
  '1': 'GET',
  '2': '/feeds/%E5%91%BD%E6%9C%88%E5%A4%A9%E5%AE%87' }
2016-02-27T20:00:01+0800 <info> server.js:19 (log_info) { '0': 'Forwarding', '1': 'http://localhost:4444/feeds/命月天宇' }
2016-02-27T20:29:47+0800 <info> server.js:19 (log_info) { '0': 'Server start:', '1': 2333 }
2016-02-27T20:30:03+0800 <info> server.js:19 (log_info) { '0': 'Req', '1': 'GET', '2': '/' }
2016-02-27T20:30:03+0800 <info> server.js:19 (log_info) { '0': 'Req', '1': 'GET', '2': '/assets/main.css' }
2016-02-27T20:30:03+0800 <info> server.js:19 (log_info) { '0': 'Req', '1': 'GET', '2': '/config.js' }
2016-02-27T20:30:03+0800 <info> server.js:19 (log_info) { '0': 'Req', '1': 'GET', '2': '/assets/bundle.js' }
2016-02-27T20:30:30+0800 <info> server.js:19 (log_info) { '0': 'Server start:', '1': 2333 }
2016-02-27T20:30:32+0800 <info> server.js:19 (log_info) { '0': 'Req', '1': 'GET', '2': '/' }
2016-02-27T20:30:32+0800 <info> server.js:19 (log_info) { '0': 'index.html' }
2016-02-27T20:30:32+0800 <info> server.js:19 (log_info) { '0': 'Req', '1': 'GET', '2': '/assets/main.css' }
2016-02-27T20:30:32+0800 <info> server.js:19 (log_info) { '0': 'main.css' }
2016-02-27T20:30:32+0800 <info> server.js:19 (log_info) { '0': 'Req', '1': 'GET', '2': '/config.js' }
2016-02-27T20:30:32+0800 <info> server.js:19 (log_info) { '0': 'Req', '1': 'GET', '2': '/assets/bundle.js' }
2016-02-27T20:30:32+0800 <info> server.js:19 (log_info) { '0': 'config.js' }
2016-02-27T20:30:32+0800 <info> server.js:19 (log_info) { '0': 'bundle.js' }
2016-02-27T20:30:52+0800 <info> server.js:19 (log_info) { '0': 'Server start:', '1': 2333 }
2016-02-27T20:30:54+0800 <info> server.js:19 (log_info) { '0': 'Req', '1': 'GET', '2': '/' }
2016-02-27T20:30:54+0800 <info> server.js:19 (log_info) { '0': 'Req', '1': 'GET', '2': '/assets/main.css' }
2016-02-27T20:30:54+0800 <info> server.js:19 (log_info) { '0': 'Req', '1': 'GET', '2': '/config.js' }
2016-02-27T20:30:54+0800 <info> server.js:19 (log_info) { '0': 'main.css' }
2016-02-27T20:30:54+0800 <info> server.js:19 (log_info) { '0': 'Req', '1': 'GET', '2': '/assets/bundle.js' }
2016-02-27T20:30:54+0800 <info> server.js:19 (log_info) { '0': 'bundle.js' }
2016-02-27T20:33:11+0800 <info> server.js:19 (log_info) { '0': 'Server start:', '1': 2333 }
2016-02-27T20:33:16+0800 <info> server.js:19 (log_info) { '0': 'Req', '1': 'GET', '2': '/' }
2016-02-27T20:33:16+0800 <info> server.js:19 (log_info) { '0': 'Req', '1': 'GET', '2': '/assets/main.css' }
2016-02-27T20:33:16+0800 <info> server.js:19 (log_info) { '0': 'main.css' }
2016-02-27T20:33:16+0800 <info> server.js:19 (log_info) { '0': 'Req', '1': 'GET', '2': '/config.js' }
2016-02-27T20:33:16+0800 <info> server.js:19 (log_info) { '0': 'Req', '1': 'GET', '2': '/assets/bundle.js' }
2016-02-27T20:33:16+0800 <info> server.js:19 (log_info) { '0': 'bundle.js' }
2016-02-27T20:33:54+0800 <info> server.js:19 (log_info) { '0': 'Req', '1': 'GET', '2': '/' }
2016-02-27T20:33:54+0800 <info> server.js:19 (log_info) { '0': 'Req', '1': 'GET', '2': '/assets/main.css' }
2016-02-27T20:33:54+0800 <info> server.js:19 (log_info) { '0': 'Req', '1': 'GET', '2': '/config.js' }
2016-02-27T20:33:54+0800 <info> server.js:19 (log_info) { '0': 'Req', '1': 'GET', '2': '/assets/bundle.js' }
2016-02-27T20:33:54+0800 <info> server.js:19 (log_info) { '0': 'main.css' }
2016-02-27T20:33:54+0800 <info> server.js:19 (log_info) { '0': 'bundle.js' }
2016-02-27T20:33:56+0800 <info> server.js:19 (log_info) { '0': 'Req', '1': 'GET', '2': '/' }
2016-02-27T20:33:56+0800 <info> server.js:19 (log_info) { '0': 'Req', '1': 'GET', '2': '/assets/main.css' }
2016-02-27T20:33:56+0800 <info> server.js:19 (log_info) { '0': 'Req', '1': 'GET', '2': '/config.js' }
2016-02-27T20:33:56+0800 <info> server.js:19 (log_info) { '0': 'Req', '1': 'GET', '2': '/assets/bundle.js' }
2016-02-27T20:33:56+0800 <info> server.js:19 (log_info) { '0': 'main.css' }
2016-02-27T20:33:56+0800 <info> server.js:19 (log_info) { '0': 'bundle.js' }
2016-02-27T20:34:44+0800 <info> server.js:19 (log_info) { '0': 'Req', '1': 'GET', '2': '/' }
2016-02-27T20:34:44+0800 <info> server.js:19 (log_info) { '0': 'Req', '1': 'GET', '2': '/assets/main.css' }
2016-02-27T20:34:44+0800 <info> server.js:19 (log_info) { '0': 'Req', '1': 'GET', '2': '/config.js' }
2016-02-27T20:34:44+0800 <info> server.js:19 (log_info) { '0': 'Req', '1': 'GET', '2': '/assets/bundle.js' }
2016-02-27T20:34:44+0800 <info> server.js:19 (log_info) { '0': 'main.css' }
2016-02-27T20:34:44+0800 <info> server.js:19 (log_info) { '0': 'bundle.js' }
2016-02-27T20:34:45+0800 <info> server.js:19 (log_info) { '0': 'Req',
  '1': 'GET',
  '2': '/assets/46672ac36813056daefcbd4cda6a8aaf.png' }
2016-02-27T20:34:45+0800 <info> server.js:19 (log_info) { '0': 'Req', '1': 'GET', '2': '/theme/image/rss.png' }
2016-02-27T20:34:45+0800 <info> server.js:19 (log_info) { '0': 'Req', '1': 'GET', '2': '/theme/image/github.png' }
2016-02-27T20:34:45+0800 <info> server.js:19 (log_info) { '0': 'Req', '1': 'GET', '2': '/theme/image/linked-in.png' }
2016-02-27T20:34:45+0800 <info> server.js:19 (log_info) { '0': 'Req', '1': 'GET', '2': '/theme/image/playstation.png' }
2016-02-27T20:34:45+0800 <info> server.js:19 (log_info) { '0': 'Req', '1': 'GET', '2': '/theme/image/resume.png' }
2016-02-27T20:34:45+0800 <info> server.js:19 (log_info) { '0': 'Req', '1': 'GET', '2': '/theme/image/logo.png' }
2016-02-27T20:38:53+0800 <info> server.js:19 (log_info) { '0': 'Req', '1': 'GET', '2': '/theme/image/home.jpg' }
2016-02-27T20:38:53+0800 <info> server.js:19 (log_info) { '0': 'Req', '1': 'GET', '2': '/theme/image/authors.jpg' }
2016-02-27T21:29:35+0800 <info> server.js:19 (log_info) { '0': 'Server start:', '1': 2333 }
2016-02-27T21:29:42+0800 <info> server.js:19 (log_info) { '0': 'Req', '1': 'GET', '2': '/' }
2016-02-27T21:29:42+0800 <info> server.js:19 (log_info) { '0': 'Req', '1': 'GET', '2': '/assets/main.css' }
2016-02-27T21:29:42+0800 <info> server.js:19 (log_info) { '0': 'Req', '1': 'GET', '2': '/config.js' }
2016-02-27T21:29:42+0800 <info> server.js:19 (log_info) { '0': 'Req', '1': 'GET', '2': '/assets/bundle.js' }
2016-02-27T21:29:42+0800 <info> server.js:19 (log_info) { '0': 'main.css' }
2016-02-27T21:29:42+0800 <info> server.js:19 (log_info) { '0': 'bundle.js' }
2016-02-27T21:29:42+0800 <info> server.js:19 (log_info) { '0': 'Req', '1': 'GET', '2': '/config.js' }
2016-02-27T21:29:42+0800 <info> server.js:19 (log_info) { '0': 'Req', '1': 'GET', '2': '/assets/bundle.js' }
2016-02-27T21:29:42+0800 <info> server.js:19 (log_info) { '0': 'bundle.js' }
2016-02-27T21:29:43+0800 <info> server.js:19 (log_info) { '0': 'Req',
  '1': 'GET',
  '2': '/assets/46672ac36813056daefcbd4cda6a8aaf.png' }
2016-02-27T21:29:43+0800 <info> server.js:19 (log_info) { '0': 'Req', '1': 'GET', '2': '/theme/image/rss.png' }
2016-02-27T21:29:43+0800 <info> server.js:19 (log_info) { '0': 'Req', '1': 'GET', '2': '/theme/image/github.png' }
2016-02-27T21:29:43+0800 <info> server.js:19 (log_info) { '0': 'Req', '1': 'GET', '2': '/theme/image/linked-in.png' }
2016-02-27T21:29:43+0800 <info> server.js:19 (log_info) { '0': 'Req', '1': 'GET', '2': '/theme/image/playstation.png' }
2016-02-27T21:29:43+0800 <info> server.js:19 (log_info) { '0': 'Req', '1': 'GET', '2': '/theme/image/resume.png' }
2016-02-27T21:29:43+0800 <info> server.js:19 (log_info) { '0': 'Req', '1': 'GET', '2': '/theme/image/logo.png' }
2016-02-27T21:29:43+0800 <info> server.js:19 (log_info) { '0': 'Req', '1': 'GET', '2': '/theme/image/logo.ico' }
2016-02-27T21:30:36+0800 <info> server.js:19 (log_info) { '0': 'Req', '1': 'GET', '2': '/' }
2016-02-27T21:30:37+0800 <info> server.js:19 (log_info) { '0': 'Req', '1': 'GET', '2': '/assets/main.css' }
2016-02-27T21:30:37+0800 <info> server.js:19 (log_info) { '0': 'Req', '1': 'GET', '2': '/config.js' }
2016-02-27T21:30:37+0800 <info> server.js:19 (log_info) { '0': 'Req', '1': 'GET', '2': '/assets/bundle.js' }
2016-02-27T21:30:37+0800 <info> server.js:19 (log_info) { '0': 'main.css' }
2016-02-27T21:30:37+0800 <info> server.js:19 (log_info) { '0': 'bundle.js' }
2016-02-27T21:30:37+0800 <info> server.js:19 (log_info) { '0': 'Req',
  '1': 'GET',
  '2': '/assets/46672ac36813056daefcbd4cda6a8aaf.png' }
2016-02-27T21:30:37+0800 <info> server.js:19 (log_info) { '0': 'Req', '1': 'GET', '2': '/theme/image/rss.png' }
2016-02-27T21:30:37+0800 <info> server.js:19 (log_info) { '0': 'Req', '1': 'GET', '2': '/theme/image/github.png' }
2016-02-27T21:30:37+0800 <info> server.js:19 (log_info) { '0': 'Req', '1': 'GET', '2': '/theme/image/linked-in.png' }
2016-02-27T21:30:37+0800 <info> server.js:19 (log_info) { '0': 'Req', '1': 'GET', '2': '/theme/image/playstation.png' }
2016-02-27T21:30:37+0800 <info> server.js:19 (log_info) { '0': 'Req', '1': 'GET', '2': '/theme/image/resume.png' }
2016-02-27T21:30:37+0800 <info> server.js:19 (log_info) { '0': 'Req', '1': 'GET', '2': '/theme/image/logo.png' }
2016-02-27T21:30:48+0800 <info> server.js:19 (log_info) { '0': 'Req', '1': 'GET', '2': '/category/theme/image/logo.ico' }
2016-02-27T21:31:19+0800 <info> server.js:19 (log_info) { '0': 'Req', '1': 'GET', '2': '/theme/image/logo.png' }
2016-02-27T21:31:50+0800 <info> server.js:19 (log_info) { '0': 'Req', '1': 'GET', '2': '/article/theme/image/logo.ico' }
2016-02-27T21:31:50+0800 <info> server.js:19 (log_info) { '0': 'Req',
  '1': 'GET',
  '2': '/assets/2340829c4746c8aaba7666b65128b263.png' }
2016-02-27T21:31:50+0800 <info> server.js:19 (log_info) { '0': 'Req',
  '1': 'GET',
  '2': '/assets/0157dd57e453589f1832f31d4f0b34fb.png' }
2016-02-27T21:31:50+0800 <info> server.js:19 (log_info) { '0': 'Req',
  '1': 'GET',
  '2': '/assets/9ac2b1ea0c6189a3d7c7a375f08ca07f.png' }
2016-02-27T21:32:07+0800 <info> server.js:19 (log_info) { '0': 'Req', '1': 'GET', '2': '/feeds/all.rss.xml' }
2016-02-27T21:32:07+0800 <info> server.js:19 (log_info) { '0': 'Forwarding',
  '1': 'http://localhost:4444/feeds/all.rss.xml' }
2016-02-27T21:32:57+0800 <info> server.js:19 (log_info) { '0': 'Req', '1': 'GET', '2': '/font/iconfont.woff' }
2016-02-27T21:32:57+0800 <info> server.js:19 (log_info) { '0': 'Req', '1': 'GET', '2': '/font/iconfont.ttf' }
2016-02-27T21:35:22+0800 <info> server.js:19 (log_info) { '0': 'Req', '1': 'GET', '2': '/article/Art-%E8%8A%B1' }
2016-02-27T21:37:01+0800 <info> server.js:19 (log_info) { '0': 'Req', '1': 'GET', '2': '/article/Art-%E8%8A%B1' }
2016-02-27T21:37:14+0800 <info> server.js:19 (log_info) { '0': 'Req', '1': 'GET', '2': '/' }
2016-02-27T21:37:14+0800 <info> server.js:19 (log_info) { '0': 'Req', '1': 'GET', '2': '/assets/main.css' }
2016-02-27T21:37:14+0800 <info> server.js:19 (log_info) { '0': 'Req', '1': 'GET', '2': '/config.js' }
2016-02-27T21:37:14+0800 <info> server.js:19 (log_info) { '0': 'Req', '1': 'GET', '2': '/assets/bundle.js' }
2016-02-27T21:37:14+0800 <info> server.js:19 (log_info) { '0': 'main.css' }
2016-02-27T21:37:14+0800 <info> server.js:19 (log_info) { '0': 'bundle.js' }
2016-02-27T21:37:14+0800 <info> server.js:19 (log_info) { '0': 'Req', '1': 'GET', '2': '/theme/image/rss.png' }
2016-02-27T21:37:14+0800 <info> server.js:19 (log_info) { '0': 'Req', '1': 'GET', '2': '/theme/image/github.png' }
2016-02-27T21:37:14+0800 <info> server.js:19 (log_info) { '0': 'Req', '1': 'GET', '2': '/theme/image/linked-in.png' }
2016-02-27T21:37:14+0800 <info> server.js:19 (log_info) { '0': 'Req', '1': 'GET', '2': '/theme/image/playstation.png' }
2016-02-27T21:37:14+0800 <info> server.js:19 (log_info) { '0': 'Req', '1': 'GET', '2': '/theme/image/resume.png' }
2016-02-27T21:37:14+0800 <info> server.js:19 (log_info) { '0': 'Req', '1': 'GET', '2': '/theme/image/logo.png' }
2016-02-27T21:37:14+0800 <info> server.js:19 (log_info) { '0': 'Req',
  '1': 'GET',
  '2': '/assets/46672ac36813056daefcbd4cda6a8aaf.png' }
2016-02-27T21:37:28+0800 <info> server.js:19 (log_info) { '0': 'Req', '1': 'GET', '2': '/' }
2016-02-27T21:37:29+0800 <info> server.js:19 (log_info) { '0': 'Req', '1': 'GET', '2': '/assets/main.css' }
2016-02-27T21:37:29+0800 <info> server.js:19 (log_info) { '0': 'Req', '1': 'GET', '2': '/config.js' }
2016-02-27T21:37:29+0800 <info> server.js:19 (log_info) { '0': 'Req', '1': 'GET', '2': '/assets/bundle.js' }
2016-02-27T21:37:29+0800 <info> server.js:19 (log_info) { '0': 'main.css' }
2016-02-27T21:37:29+0800 <info> server.js:19 (log_info) { '0': 'bundle.js' }
2016-02-27T21:37:29+0800 <info> server.js:19 (log_info) { '0': 'Req', '1': 'GET', '2': '/theme/image/rss.png' }
2016-02-27T21:37:29+0800 <info> server.js:19 (log_info) { '0': 'Req', '1': 'GET', '2': '/theme/image/github.png' }
2016-02-27T21:37:29+0800 <info> server.js:19 (log_info) { '0': 'Req', '1': 'GET', '2': '/theme/image/linked-in.png' }
2016-02-27T21:37:29+0800 <info> server.js:19 (log_info) { '0': 'Req', '1': 'GET', '2': '/theme/image/playstation.png' }
2016-02-27T21:37:29+0800 <info> server.js:19 (log_info) { '0': 'Req', '1': 'GET', '2': '/theme/image/resume.png' }
2016-02-27T21:37:29+0800 <info> server.js:19 (log_info) { '0': 'Req', '1': 'GET', '2': '/theme/image/logo.png' }
2016-02-27T21:37:29+0800 <info> server.js:19 (log_info) { '0': 'Req',
  '1': 'GET',
  '2': '/assets/46672ac36813056daefcbd4cda6a8aaf.png' }
2016-02-27T21:37:38+0800 <info> server.js:19 (log_info) { '0': 'Req', '1': 'GET', '2': '/feeds/all' }
2016-02-27T21:37:38+0800 <info> server.js:19 (log_info) { '0': 'Forwarding', '1': 'http://localhost:4444/feeds/all' }
2016-02-27T21:37:42+0800 <info> server.js:19 (log_info) { '0': 'Req', '1': 'GET', '2': '/feeds/Skill' }
2016-02-27T21:37:42+0800 <info> server.js:19 (log_info) { '0': 'Forwarding', '1': 'http://localhost:4444/feeds/Skill' }
2016-02-27T21:37:52+0800 <info> server.js:19 (log_info) { '0': 'Req', '1': 'GET', '2': '/theme/image/logo.png' }
2016-02-27T21:37:52+0800 <info> server.js:19 (log_info) { '0': 'Req',
  '1': 'GET',
  '2': '/assets/2340829c4746c8aaba7666b65128b263.png' }
2016-02-27T21:37:52+0800 <info> server.js:19 (log_info) { '0': 'Req',
  '1': 'GET',
  '2': '/assets/0157dd57e453589f1832f31d4f0b34fb.png' }
2016-02-27T21:37:52+0800 <info> server.js:19 (log_info) { '0': 'Req',
  '1': 'GET',
  '2': '/assets/9ac2b1ea0c6189a3d7c7a375f08ca07f.png' }
2016-02-27T21:37:54+0800 <info> server.js:19 (log_info) { '0': 'Req', '1': 'GET', '2': '/article/Art-%E8%8A%B1' }
2016-02-27T23:41:03+0800 <info> server.js:22 (log_info) { '0': 'Server start:', '1': 2333 }
2016-02-27T23:41:06+0800 <info> server.js:22 (log_info) { '0': 'Req', '1': 'GET', '2': '/article/Art-%E8%8A%B1' }
